{"synthetic": false,
 "schemaVersion": "2025-09-10",
 "outputs":
 {"o": ["7844b31276d56dea.olean"],
  "i": "734caed9759c33a1.ilean",
  "c": "60e49ae18e932468.c"},
 "log":
 [{"message":
   ".> LEAN_PATH=/Users/4d/Documents/GitHub/projects/active/actinf_policy_entanglement_lean/lean/MathlibProofs/.lake/packages/Cli/.lake/build/lib/lean:/Users/4d/Documents/GitHub/projects/active/actinf_policy_entanglement_lean/lean/MathlibProofs/.lake/packages/batteries/.lake/build/lib/lean:/Users/4d/Documents/GitHub/projects/active/actinf_policy_entanglement_lean/lean/MathlibProofs/.lake/packages/Qq/.lake/build/lib/lean:/Users/4d/Documents/GitHub/projects/active/actinf_policy_entanglement_lean/lean/MathlibProofs/.lake/packages/aesop/.lake/build/lib/lean:/Users/4d/Documents/GitHub/projects/active/actinf_policy_entanglement_lean/lean/MathlibProofs/.lake/packages/proofwidgets/.lake/build/lib/lean:/Users/4d/Documents/GitHub/projects/active/actinf_policy_entanglement_lean/lean/MathlibProofs/.lake/packages/importGraph/.lake/build/lib/lean:/Users/4d/Documents/GitHub/projects/active/actinf_policy_entanglement_lean/lean/MathlibProofs/.lake/packages/LeanSearchClient/.lake/build/lib/lean:/Users/4d/Documents/GitHub/projects/active/actinf_policy_entanglement_lean/lean/MathlibProofs/.lake/packages/plausible/.lake/build/lib/lean:/Users/4d/Documents/GitHub/projects/active/actinf_policy_entanglement_lean/lean/MathlibProofs/.lake/packages/mathlib/.lake/build/lib/lean:/Users/4d/Documents/GitHub/projects/active/actinf_policy_entanglement_lean/lean/MathlibProofs/.lake/build/lib/lean /Users/4d/.elan/toolchains/leanprover--lean4---v4.29.0/bin/lean -DautoImplicit=false /Users/4d/Documents/GitHub/projects/active/actinf_policy_entanglement_lean/lean/MathlibProofs/MathlibProofs.lean -o /Users/4d/Documents/GitHub/projects/active/actinf_policy_entanglement_lean/lean/MathlibProofs/.lake/build/lib/lean/MathlibProofs.olean -i /Users/4d/Documents/GitHub/projects/active/actinf_policy_entanglement_lean/lean/MathlibProofs/.lake/build/lib/lean/MathlibProofs.ilean -c /Users/4d/Documents/GitHub/projects/active/actinf_policy_entanglement_lean/lean/MathlibProofs/.lake/build/ir/MathlibProofs.c --setup /Users/4d/Documents/GitHub/projects/active/actinf_policy_entanglement_lean/lean/MathlibProofs/.lake/build/ir/MathlibProofs.setup.json --json",
   "level": "trace"},
  {"message":
   "MathlibProofs.lean:1013:0: 'MathlibProofs.free_energy_decomposition_full' depends on axioms: [propext, Classical.choice, Quot.sound]",
   "level": "info"},
  {"message":
   "MathlibProofs.lean:1014:0: 'MathlibProofs.multiInformation_nonneg_at_joint' depends on axioms: [propext, Classical.choice, Quot.sound]",
   "level": "info"},
  {"message":
   "MathlibProofs.lean:1015:0: 'MathlibProofs.streamMarginal_pos' depends on axioms: [propext, Classical.choice, Quot.sound]",
   "level": "info"}],
 "inputs":
 [["MathlibProofs:deps",
   [["deps",
     [["MathlibProofs/MathlibProofs:extraDep",
       [["@MathlibProofs:extraDep", "00000000000006bb"]]],
      ["imports",
       [["Mathlib transitive imports (legacy)", "b77cdee105b6ffb8"],
        ["Mathlib:importAllArts", "fa99ac4b79cb55dd"]]]]],
    ["libs",
     [["import dynlibs", "00000000000006bb"],
      ["package external libraries", "00000000000006bb"],
      ["module dynlibs", "00000000000006bb"],
      ["module plugins", "00000000000006bb"]]]]],
  ["Lean 4.29.0, commit 98dc76e3c0a9b856c9b98726b713fb04fab16740",
   "60bb08ef22408c8a"],
  ["/Users/4d/Documents/GitHub/projects/active/actinf_policy_entanglement_lean/lean/MathlibProofs/MathlibProofs.lean",
   "bd97fc070a0706fe"],
  ["options", "00000000000006bb"],
  ["isModule: false", "feefd2a0d3a1847e"],
  ["Module.name: MathlibProofs", "4e5f97d21c4d341f"],
  ["Package.id?: (some MathlibProofs)", "24ca96a2a35aa187"],
  ["Module.leanArgs: #[-DautoImplicit=false]", "83bf8aa7a6e9844b"]],
 "depHash": "e37424310f4e848b"}